In file included from [01m[K/home/robot/human_ws/build/myinterfaces/rosidl_generator_c/myinterfaces/srv/detail/tag__functions.h:19[m[K,
                 from [01m[K/home/robot/human_ws/build/myinterfaces/rosidl_generator_c/myinterfaces/srv/detail/tag__functions.c:4[m[K:
[01m[K/home/robot/human_ws/build/myinterfaces/rosidl_generator_c/myinterfaces/srv/detail/tag__struct.h:23:10:[m[K [01;31m[Kfatal error: [m[Kmyinterfaces/msg/detail/int16__struct.h: No such file or directory
   23 | #include [01;31m[K"myinterfaces/msg/detail/int16__struct.h"[m[K
      |          [01;31m[K^~~~~~~~~~~~~~~~~~~~~~~~~~~~~~~~~~~~~~~~~[m[K
compilation terminated.
gmake[2]: *** [CMakeFiles/myinterfaces__rosidl_generator_c.dir/build.make:331: CMakeFiles/myinterfaces__rosidl_generator_c.dir/rosidl_generator_c/myinterfaces/srv/detail/tag__functions.c.o] Error 1
gmake[2]: *** Waiting for unfinished jobs....
gmake[1]: *** [CMakeFiles/Makefile2:213: CMakeFiles/myinterfaces__rosidl_generator_c.dir/all] Error 2
gmake[1]: *** Waiting for unfinished jobs....
In file included from [01m[K/home/robot/human_ws/build/myinterfaces/rosidl_typesupport_cpp/myinterfaces/srv/tag__type_support.cpp:7[m[K:
[01m[K/home/robot/human_ws/build/myinterfaces/rosidl_generator_cpp/myinterfaces/srv/detail/tag__struct.hpp:21:10:[m[K [01;31m[Kfatal error: [m[Kmyinterfaces/msg/detail/int16__struct.hpp: No such file or directory
   21 | #include [01;31m[K"myinterfaces/msg/detail/int16__struct.hpp"[m[K
      |          [01;31m[K^~~~~~~~~~~~~~~~~~~~~~~~~~~~~~~~~~~~~~~~~~~[m[K
compilation terminated.
gmake[2]: *** [CMakeFiles/myinterfaces__rosidl_typesupport_cpp.dir/build.make:252: CMakeFiles/myinterfaces__rosidl_typesupport_cpp.dir/rosidl_typesupport_cpp/myinterfaces/srv/tag__type_support.cpp.o] Error 1
gmake[2]: *** Waiting for unfinished jobs....
In file included from [01m[K/home/robot/human_ws/build/myinterfaces/rosidl_typesupport_introspection_cpp/myinterfaces/srv/detail/tag__type_support.cpp:12[m[K:
[01m[K/home/robot/human_ws/build/myinterfaces/rosidl_generator_cpp/myinterfaces/srv/detail/tag__struct.hpp:21:10:[m[K [01;31m[Kfatal error: [m[Kmyinterfaces/msg/detail/int16__struct.hpp: No such file or directory
   21 | #include [01;31m[K"myinterfaces/msg/detail/int16__struct.hpp"[m[K
      |          [01;31m[K^~~~~~~~~~~~~~~~~~~~~~~~~~~~~~~~~~~~~~~~~~~[m[K
compilation terminated.
gmake[2]: *** [CMakeFiles/myinterfaces__rosidl_typesupport_introspection_cpp.dir/build.make:272: CMakeFiles/myinterfaces__rosidl_typesupport_introspection_cpp.dir/rosidl_typesupport_introspection_cpp/myinterfaces/srv/detail/tag__type_support.cpp.o] Error 1
gmake[2]: *** Waiting for unfinished jobs....
In file included from [01m[K/home/robot/human_ws/build/myinterfaces/rosidl_typesupport_fastrtps_cpp/myinterfaces/srv/detail/tag__rosidl_typesupport_fastrtps_cpp.hpp:11[m[K,
                 from [01m[K/home/robot/human_ws/build/myinterfaces/rosidl_typesupport_fastrtps_cpp/myinterfaces/srv/detail/dds_fastrtps/tag__type_support.cpp:4[m[K:
[01m[K/home/robot/human_ws/build/myinterfaces/rosidl_generator_cpp/myinterfaces/srv/detail/tag__struct.hpp:21:10:[m[K [01;31m[Kfatal error: [m[Kmyinterfaces/msg/detail/int16__struct.hpp: No such file or directory
   21 | #include [01;31m[K"myinterfaces/msg/detail/int16__struct.hpp"[m[K
      |          [01;31m[K^~~~~~~~~~~~~~~~~~~~~~~~~~~~~~~~~~~~~~~~~~~[m[K
compilation terminated.
gmake[2]: *** [CMakeFiles/myinterfaces__rosidl_typesupport_fastrtps_cpp.dir/build.make:272: CMakeFiles/myinterfaces__rosidl_typesupport_fastrtps_cpp.dir/rosidl_typesupport_fastrtps_cpp/myinterfaces/srv/detail/dds_fastrtps/tag__type_support.cpp.o] Error 1
gmake[2]: *** Waiting for unfinished jobs....
gmake[1]: *** [CMakeFiles/Makefile2:395: CMakeFiles/myinterfaces__rosidl_typesupport_cpp.dir/all] Error 2
gmake[1]: *** [CMakeFiles/Makefile2:369: CMakeFiles/myinterfaces__rosidl_typesupport_introspection_cpp.dir/all] Error 2
gmake[1]: *** [CMakeFiles/Makefile2:343: CMakeFiles/myinterfaces__rosidl_typesupport_fastrtps_cpp.dir/all] Error 2
gmake: *** [Makefile:146: all] Error 2
