[0.010s] Invoking command in '/home/robot/human_ws/build/myinterfaces': CMAKE_PREFIX_PATH=${CMAKE_PREFIX_PATH}:/home/robot/human_ws/install/rotate:/home/robot/human_ws/install/locomotion:/home/robot/human_ws/install/human:/home/robot/human_ws/install/manager:/home/robot/human_ws/install/listen:/home/robot/human_ws/install/image:/home/robot/human_ws/install/follow:/home/robot/human_ws/install/apriltag_detection:/home/robot/human_ws/install/action_server:/home/robot/robot_controller_release/ros2_packages/object_detect_track_node_py:/opt/ros/humble /usr/bin/cmake --build /home/robot/human_ws/build/myinterfaces -- -j16 -l16
[0.043s] -- Found ament_cmake: 1.3.10 (/opt/ros/humble/share/ament_cmake/cmake)
[0.166s] -- Found rosidl_default_generators: 1.2.0 (/opt/ros/humble/share/rosidl_default_generators/cmake)
[0.169s] -- Using all available rosidl_typesupport_c: rosidl_typesupport_fastrtps_c;rosidl_typesupport_introspection_c
[0.171s] -- Found rosidl_adapter: 3.1.5 (/opt/ros/humble/share/rosidl_adapter/cmake)
[0.193s] -- Using all available rosidl_typesupport_cpp: rosidl_typesupport_fastrtps_cpp;rosidl_typesupport_introspection_cpp
[0.210s] -- Found geometry_msgs: 4.2.4 (/opt/ros/humble/share/geometry_msgs/cmake)
[0.234s] -- Found sensor_msgs: 4.2.4 (/opt/ros/humble/share/sensor_msgs/cmake)
[0.404s] [31mCMake Error at /opt/ros/humble/share/rosidl_adapter/cmake/rosidl_adapt_interfaces.cmake:59 (message):
[0.404s]   execute_process(/usr/bin/python3 -m rosidl_adapter --package-name
[0.404s]   myinterfaces --arguments-file
[0.404s]   /home/robot/human_ws/build/myinterfaces/rosidl_adapter__arguments__myinterfaces.json
[0.404s]   --output-dir
[0.405s]   /home/robot/human_ws/build/myinterfaces/rosidl_adapter/myinterfaces
[0.405s]   --output-file
[0.405s]   /home/robot/human_ws/build/myinterfaces/rosidl_adapter/myinterfaces.idls)
[0.405s]   returned error code 1:
[0.405s] 
[0.405s]   Error processing 'int id' of 'myinterfaces/Tag_Request': ''int' is an
[0.405s]   invalid message name.  It should have the pattern '^[A-Z][A-Za-z0-9]*$''
[0.405s] 
[0.405s]   Traceback (most recent call last):
[0.405s] 
[0.405s]     File "/usr/lib/python3.10/runpy.py", line 196, in _run_module_as_main
[0.405s]       return _run_code(code, main_globals, None,
[0.406s]     File "/usr/lib/python3.10/runpy.py", line 86, in _run_code
[0.406s]       exec(code, run_globals)
[0.406s]     File "/opt/ros/humble/local/lib/python3.10/dist-packages/rosidl_adapter/__main__.py", line 19, in <module>
[0.406s]       sys.exit(main())
[0.406s]     File "/opt/ros/humble/local/lib/python3.10/dist-packages/rosidl_adapter/main.py", line 53, in main
[0.406s]       abs_idl_file = convert_to_idl(
[0.406s]     File "/opt/ros/humble/local/lib/python3.10/dist-packages/rosidl_adapter/__init__.py", line 24, in convert_to_idl
[0.406s]       return convert_srv_to_idl(
[0.406s]     File "/opt/ros/humble/local/lib/python3.10/dist-packages/rosidl_adapter/srv/__init__.py", line 28, in convert_srv_to_idl
[0.406s]       srv = parse_service_string(package_name, input_file.stem, content)
[0.406s]     File "/opt/ros/humble/local/lib/python3.10/dist-packages/rosidl_adapter/parser.py", line 859, in parse_service_string
[0.406s]       request_message = parse_message_string(
[0.407s]     File "/opt/ros/humble/local/lib/python3.10/dist-packages/rosidl_adapter/parser.py", line 520, in parse_message_string
[0.407s]       Type(type_string, context_package_name=pkg_name),
[0.407s]     File "/opt/ros/humble/local/lib/python3.10/dist-packages/rosidl_adapter/parser.py", line 277, in __init__
[0.407s]       super(Type, self).__init__(
[0.407s]     File "/opt/ros/humble/local/lib/python3.10/dist-packages/rosidl_adapter/parser.py", line 205, in __init__
[0.407s]       raise InvalidResourceName(
[0.407s] 
[0.407s]   rosidl_adapter.parser.InvalidResourceName: 'int' is an invalid message
[0.407s]   name.  It should have the pattern '^[A-Z][A-Za-z0-9]*$'
[0.407s] 
[0.407s] Call Stack (most recent call first):
[0.407s]   /opt/ros/humble/share/rosidl_cmake/cmake/rosidl_generate_interfaces.cmake:130 (rosidl_adapt_interfaces)
[0.408s]   CMakeLists.txt:14 (rosidl_generate_interfaces)
[0.408s] 
[0.408s] [0m
[0.408s] -- Configuring incomplete, errors occurred!
[0.408s] See also "/home/robot/human_ws/build/myinterfaces/CMakeFiles/CMakeOutput.log".
[0.409s] gmake: *** [Makefile:1827: cmake_check_build_system] Error 1
[0.411s] Invoked command in '/home/robot/human_ws/build/myinterfaces' returned '2': CMAKE_PREFIX_PATH=${CMAKE_PREFIX_PATH}:/home/robot/human_ws/install/rotate:/home/robot/human_ws/install/locomotion:/home/robot/human_ws/install/human:/home/robot/human_ws/install/manager:/home/robot/human_ws/install/listen:/home/robot/human_ws/install/image:/home/robot/human_ws/install/follow:/home/robot/human_ws/install/apriltag_detection:/home/robot/human_ws/install/action_server:/home/robot/robot_controller_release/ros2_packages/object_detect_track_node_py:/opt/ros/humble /usr/bin/cmake --build /home/robot/human_ws/build/myinterfaces -- -j16 -l16
